<?xml version="1.0" encoding="UTF-8"?>
<testng-results skipped="0" failed="0" total="1" passed="1">
  <reporter-output>
  </reporter-output>
  <suite name="Default suite" duration-ms="39978" started-at="2016-09-16T21:52:04Z" finished-at="2016-09-16T21:52:44Z">
    <groups>
    </groups>
    <test name="Default test" duration-ms="39978" started-at="2016-09-16T21:52:04Z" finished-at="2016-09-16T21:52:44Z">
      <class name="admin.logout">
        <test-method status="PASS" signature="logout()[pri:0, instance:admin.logout@14acaea5]" name="logout" duration-ms="39947" started-at="2016-09-17T03:22:04Z" finished-at="2016-09-17T03:22:44Z">
          <reporter-output>
          </reporter-output>
        </test-method> <!-- logout -->
      </class> <!-- admin.logout -->
    </test> <!-- Default test -->
  </suite> <!-- Default suite -->
</testng-results>
